<?xml version="1.0" encoding="UTF-8"?>
<testsuite xmlns:xsi="http://www.w3.org/2001/XMLSchema-instance" xsi:noNamespaceSchemaLocation="https://maven.apache.org/surefire/maven-surefire-plugin/xsd/surefire-test-report.xsd" version="3.0.2" name="com.upnext.app.data.question.QuestionRepositoryTest" time="0.844" tests="1" errors="0" skipped="0" failures="0">
  <properties>
[...]
</properties>
  <testcase name="testSearch" classname="com.upnext.app.data.question.QuestionRepositoryTest" time="0.818">
    <system-out><![CDATA[[2025-11-04 16:01:53] [INFO] Logger initialized
[2025-11-04 16:01:53] [INFO] Initializing database schema...
[2025-11-04 16:01:53] [INFO] Migration 008 executed successfully
[2025-11-04 16:01:53] [INFO] Migration 009 executed successfully
[2025-11-04 16:01:53] [INFO] Database schema initialized successfully
[2025-11-04 16:01:53] [DEBUG] [QUESTION_SEARCH_SQL] SELECT DISTINCT q.*, s.name AS subject_name FROM questions q LEFT JOIN subjects s ON q.subject_id = s.id WHERE (q.title LIKE ? OR q.content LIKE ? OR EXISTS (SELECT 1 FROM question_tags qt2 INNER JOIN tags t2 ON qt2.tag_id = t2.id WHERE qt2.question_id = q.id AND t2.name LIKE ?) OR EXISTS (SELECT 1 FROM users u WHERE u.id = q.user_id AND u.name LIKE ?)) ORDER BY created_at DESC LIMIT ? OFFSET ?
[2025-11-04 16:01:53] [DEBUG] [QUESTION_SEARCH_PARAMS] [%Java%, %Java%, %Java%, %Java%, 20, 0]
[2025-11-04 16:01:53] [DEBUG] [QUESTION_SEARCH_SQL] SELECT DISTINCT q.*, s.name AS subject_name FROM questions q LEFT JOIN subjects s ON q.subject_id = s.id INNER JOIN question_tags qt ON q.id = qt.question_id INNER JOIN tags t ON qt.tag_id = t.id WHERE t.name IN (?) GROUP BY q.id HAVING COUNT(DISTINCT t.id) = ? ORDER BY created_at DESC LIMIT ? OFFSET ?
[2025-11-04 16:01:53] [DEBUG] [QUESTION_SEARCH_PARAMS] [programming, 1, 20, 0]
[2025-11-04 16:01:53] [DEBUG] [QUESTION_SEARCH_SQL] SELECT DISTINCT q.*, s.name AS subject_name FROM questions q LEFT JOIN subjects s ON q.subject_id = s.id WHERE q.user_id = ? ORDER BY created_at DESC LIMIT ? OFFSET ?
[2025-11-04 16:01:53] [DEBUG] [QUESTION_SEARCH_PARAMS] [5, 20, 0]
[2025-11-04 16:01:53] [DEBUG] [QUESTION_SEARCH_SQL] SELECT DISTINCT q.*, s.name AS subject_name FROM questions q LEFT JOIN subjects s ON q.subject_id = s.id INNER JOIN question_tags qt ON q.id = qt.question_id INNER JOIN tags t ON qt.tag_id = t.id WHERE (q.title LIKE ? OR q.content LIKE ? OR EXISTS (SELECT 1 FROM question_tags qt2 INNER JOIN tags t2 ON qt2.tag_id = t2.id WHERE qt2.question_id = q.id AND t2.name LIKE ?) OR EXISTS (SELECT 1 FROM users u WHERE u.id = q.user_id AND u.name LIKE ?)) AND t.name IN (?) GROUP BY q.id HAVING COUNT(DISTINCT t.id) = ? ORDER BY created_at DESC LIMIT ? OFFSET ?
[2025-11-04 16:01:53] [DEBUG] [QUESTION_SEARCH_PARAMS] [%Java%, %Java%, %Java%, %Java%, advanced, 1, 20, 0]
]]></system-out>
  </testcase>
</testsuite>