<?xml version="1.0" encoding="UTF-8"?>
<testsuite xmlns:xsi="http://www.w3.org/2001/XMLSchema-instance" xsi:noNamespaceSchemaLocation="https://maven.apache.org/surefire/maven-surefire-plugin/xsd/surefire-test-report.xsd" version="3.0.2" name="com.upnext.app.ui.components.questions.TagInputFieldTest" time="1.349" tests="13" errors="0" skipped="0" failures="0">
  <properties>
[...]
</properties>
  <testcase name="testCaseInsensitiveDuplicateHandling" classname="com.upnext.app.ui.components.questions.TagInputFieldTest" time="0.302">
    <system-out><![CDATA[[2025-11-04 16:00:23] [INFO] [UI_TAG_ADD_SUCCESS] Tag added - Name: 'react', Total tags: 1
[2025-11-04 16:00:23] [WARNING] [UI_TAG_VALIDATION_FAILED] Duplicate tag - Name: 'react'
]]></system-out>
  </testcase>
  <testcase name="testTagInputFieldCreation" classname="com.upnext.app.ui.components.questions.TagInputFieldTest" time="0.077">
    <system-out><![CDATA[[2025-11-04 16:00:23] [WARNING] [UI_TAG_VALIDATION_FAILED] Duplicate tag - Name: 'react'
]]></system-out>
  </testcase>
  <testcase name="testFailedTagAdditionKeepsInput" classname="com.upnext.app.ui.components.questions.TagInputFieldTest" time="0.12">
    <system-out><![CDATA[[2025-11-04 16:00:23] [INFO] [UI_TAG_ADD_SUCCESS] Tag added - Name: 'tag0', Total tags: 1
[2025-11-04 16:00:23] [INFO] [UI_TAG_ADD_SUCCESS] Tag added - Name: 'tag1', Total tags: 2
[2025-11-04 16:00:23] [INFO] [UI_TAG_ADD_SUCCESS] Tag added - Name: 'tag2', Total tags: 3
[2025-11-04 16:00:23] [INFO] [UI_TAG_ADD_SUCCESS] Tag added - Name: 'tag3', Total tags: 4
[2025-11-04 16:00:23] [INFO] [UI_TAG_ADD_SUCCESS] Tag added - Name: 'tag4', Total tags: 5
[2025-11-04 16:00:23] [INFO] [UI_TAG_ADD_SUCCESS] Tag added - Name: 'tag5', Total tags: 6
[2025-11-04 16:00:23] [INFO] [UI_TAG_ADD_SUCCESS] Tag added - Name: 'tag6', Total tags: 7
[2025-11-04 16:00:23] [INFO] [UI_TAG_ADD_SUCCESS] Tag added - Name: 'tag7', Total tags: 8
[2025-11-04 16:00:23] [INFO] [UI_TAG_ADD_SUCCESS] Tag added - Name: 'tag8', Total tags: 9
[2025-11-04 16:00:23] [INFO] [UI_TAG_ADD_SUCCESS] Tag added - Name: 'tag9', Total tags: 10
[2025-11-04 16:00:23] [WARNING] [UI_TAG_VALIDATION_FAILED] Too many tags - Current: 10, Max: 10
]]></system-out>
  </testcase>
  <testcase name="testGetTextMethod" classname="com.upnext.app.ui.components.questions.TagInputFieldTest" time="0.09">
    <system-out><![CDATA[[2025-11-04 16:00:23] [WARNING] [UI_TAG_VALIDATION_FAILED] Too many tags - Current: 10, Max: 10
]]></system-out>
  </testcase>
  <testcase name="testWhitespaceOnlyInputIgnored" classname="com.upnext.app.ui.components.questions.TagInputFieldTest" time="0.078"/>
  <testcase name="testSuccessfulTagAdditionClearsInput" classname="com.upnext.app.ui.components.questions.TagInputFieldTest" time="0.083">
    <system-out><![CDATA[[2025-11-04 16:00:23] [INFO] [UI_TAG_ADD_SUCCESS] Tag added - Name: 'python', Total tags: 1
]]></system-out>
  </testcase>
  <testcase name="testPlaceholderTextIgnored" classname="com.upnext.app.ui.components.questions.TagInputFieldTest" time="0.082"/>
  <testcase name="testSetTextMethod" classname="com.upnext.app.ui.components.questions.TagInputFieldTest" time="0.094"/>
  <testcase name="testEnterKeyAddsTag" classname="com.upnext.app.ui.components.questions.TagInputFieldTest" time="0.096">
    <system-out><![CDATA[[2025-11-04 16:00:24] [INFO] [UI_TAG_ADD_SUCCESS] Tag added - Name: 'java', Total tags: 1
]]></system-out>
  </testcase>
  <testcase name="testDuplicateTagHandling" classname="com.upnext.app.ui.components.questions.TagInputFieldTest" time="0.081">
    <system-out><![CDATA[[2025-11-04 16:00:24] [INFO] [UI_TAG_ADD_SUCCESS] Tag added - Name: 'javascript', Total tags: 1
[2025-11-04 16:00:24] [WARNING] [UI_TAG_VALIDATION_FAILED] Duplicate tag - Name: 'javascript'
]]></system-out>
  </testcase>
  <testcase name="testEmptyInputIgnored" classname="com.upnext.app.ui.components.questions.TagInputFieldTest" time="0.076"/>
  <testcase name="testClearMethod" classname="com.upnext.app.ui.components.questions.TagInputFieldTest" time="0.079"/>
  <testcase name="testFocusRequestDelegation" classname="com.upnext.app.ui.components.questions.TagInputFieldTest" time="0.08"/>
</testsuite>