<?xml version="1.0" encoding="UTF-8"?>
<testsuite xmlns:xsi="http://www.w3.org/2001/XMLSchema-instance" xsi:noNamespaceSchemaLocation="https://maven.apache.org/surefire/maven-surefire-plugin/xsd/surefire-test-report.xsd" version="3.0.2" name="com.upnext.app.data.question.QuestionRepositoryAddTest" time="1.5" tests="10" errors="0" skipped="0" failures="0">
  <properties>
[...]
</properties>
  <testcase name="testSaveWithTags_EmptyAndNullTags" classname="com.upnext.app.data.question.QuestionRepositoryAddTest" time="0.204">
    <system-out><![CDATA[[2025-11-04 16:00:19] [INFO] Question saved successfully with ID: 1 and 2 tags
]]></system-out>
  </testcase>
  <testcase name="testSaveWithTags_TransactionRollback" classname="com.upnext.app.data.question.QuestionRepositoryAddTest" time="0.159">
    <system-out><![CDATA[[2025-11-04 16:00:20] [INFO] Question saved successfully with ID: 1 and 2 tags
]]></system-out>
  </testcase>
  <testcase name="testSaveWithTags_HappyPath" classname="com.upnext.app.data.question.QuestionRepositoryAddTest" time="0.13">
    <system-out><![CDATA[[2025-11-04 16:00:20] [INFO] Question saved successfully with ID: 1 and 3 tags
]]></system-out>
  </testcase>
  <testcase name="testSaveWithTags_DuplicateTagHandling" classname="com.upnext.app.data.question.QuestionRepositoryAddTest" time="0.155">
    <system-out><![CDATA[[2025-11-04 16:00:20] [INFO] Question saved successfully with ID: 1 and 2 tags
[2025-11-04 16:00:20] [INFO] Question saved successfully with ID: 2 and 3 tags
]]></system-out>
  </testcase>
  <testcase name="testSaveWithTags_NoTags" classname="com.upnext.app.data.question.QuestionRepositoryAddTest" time="0.126">
    <system-out><![CDATA[[2025-11-04 16:00:20] [INFO] Question saved successfully with ID: 1 and 0 tags
[2025-11-04 16:00:20] [INFO] Question saved successfully with ID: 2 and 0 tags
]]></system-out>
  </testcase>
  <testcase name="testSaveWithTags_MaximumTagsAllowed" classname="com.upnext.app.data.question.QuestionRepositoryAddTest" time="0.144">
    <system-out><![CDATA[[2025-11-04 16:00:20] [INFO] Question saved successfully with ID: 1 and 10 tags
]]></system-out>
  </testcase>
  <testcase name="testSaveWithTags_CaseNormalization" classname="com.upnext.app.data.question.QuestionRepositoryAddTest" time="0.16">
    <system-out><![CDATA[[2025-11-04 16:00:20] [INFO] Question saved successfully with ID: 1 and 4 tags
]]></system-out>
  </testcase>
  <testcase name="testSaveWithTags_InvalidQuestion" classname="com.upnext.app.data.question.QuestionRepositoryAddTest" time="0.146"/>
  <testcase name="testSaveWithTags_TooManyTags" classname="com.upnext.app.data.question.QuestionRepositoryAddTest" time="0.109"/>
  <testcase name="testSaveWithTags_DuplicateTagsInSameRequest" classname="com.upnext.app.data.question.QuestionRepositoryAddTest" time="0.159">
    <system-out><![CDATA[[2025-11-04 16:00:21] [INFO] Question saved successfully with ID: 1 and 2 tags
]]></system-out>
  </testcase>
</testsuite>