<?xml version="1.0" encoding="UTF-8"?>
<testsuite xmlns:xsi="http://www.w3.org/2001/XMLSchema-instance" xsi:noNamespaceSchemaLocation="https://maven.apache.org/surefire/maven-surefire-plugin/xsd/surefire-test-report.xsd" version="3.0.2" name="com.upnext.app.ui.components.questions.TagInputFieldTest" time="1.349" tests="13" errors="0" skipped="0" failures="0">
  <properties>
    <property name="java.specification.version" value="24"/>
    <property name="sun.cpu.isalist" value="amd64"/>
    <property name="sun.jnu.encoding" value="Cp1252"/>
    <property name="java.class.path" value="E:\Drive\My-Project\UpNext-App\target\test-classes;E:\Drive\My-Project\UpNext-App\target\classes;C:\Users\Admin\.m2\repository\com\mysql\mysql-connector-j\9.4.0\mysql-connector-j-9.4.0.jar;C:\Users\Admin\.m2\repository\com\google\protobuf\protobuf-java\4.31.1\protobuf-java-4.31.1.jar;C:\Users\Admin\.m2\repository\com\formdev\flatlaf\3.1.1\flatlaf-3.1.1.jar;C:\Users\Admin\.m2\repository\org\junit\jupiter\junit-jupiter-api\5.10.0\junit-jupiter-api-5.10.0.jar;C:\Users\Admin\.m2\repository\org\opentest4j\opentest4j\1.3.0\opentest4j-1.3.0.jar;C:\Users\Admin\.m2\repository\org\junit\platform\junit-platform-commons\1.10.0\junit-platform-commons-1.10.0.jar;C:\Users\Admin\.m2\repository\org\apiguardian\apiguardian-api\1.1.2\apiguardian-api-1.1.2.jar;C:\Users\Admin\.m2\repository\org\junit\jupiter\junit-jupiter-engine\5.10.0\junit-jupiter-engine-5.10.0.jar;C:\Users\Admin\.m2\repository\org\junit\platform\junit-platform-engine\1.10.0\junit-platform-engine-1.10.0.jar;"/>
    <property name="sun.awt.enableExtraMouseButtons" value="true"/>
    <property name="java.vm.vendor" value="Oracle Corporation"/>
    <property name="sun.arch.data.model" value="64"/>
    <property name="user.variant" value=""/>
    <property name="java.vendor.url" value="https://java.oracle.com/"/>
    <property name="user.timezone" value="Asia/Calcutta"/>
    <property name="os.name" value="Windows 11"/>
    <property name="java.vm.specification.version" value="24"/>
    <property name="sun.java.launcher" value="SUN_STANDARD"/>
    <property name="user.country" value="IN"/>
    <property name="sun.boot.library.path" value="C:\Users\Admin\scoop\apps\openjdk24\current\bin"/>
    <property name="sun.java.command" value="C:\Users\Admin\AppData\Local\Temp\surefire8972141979059731517\surefirebooter-20251104160017886_3.jar C:\Users\Admin\AppData\Local\Temp\surefire8972141979059731517 2025-11-04T16-00-17_747-jvmRun1 surefire-20251104160017886_1tmp surefire_0-20251104160017886_2tmp"/>
    <property name="jdk.debug" value="release"/>
    <property name="surefire.test.class.path" value="E:\Drive\My-Project\UpNext-App\target\test-classes;E:\Drive\My-Project\UpNext-App\target\classes;C:\Users\Admin\.m2\repository\com\mysql\mysql-connector-j\9.4.0\mysql-connector-j-9.4.0.jar;C:\Users\Admin\.m2\repository\com\google\protobuf\protobuf-java\4.31.1\protobuf-java-4.31.1.jar;C:\Users\Admin\.m2\repository\com\formdev\flatlaf\3.1.1\flatlaf-3.1.1.jar;C:\Users\Admin\.m2\repository\org\junit\jupiter\junit-jupiter-api\5.10.0\junit-jupiter-api-5.10.0.jar;C:\Users\Admin\.m2\repository\org\opentest4j\opentest4j\1.3.0\opentest4j-1.3.0.jar;C:\Users\Admin\.m2\repository\org\junit\platform\junit-platform-commons\1.10.0\junit-platform-commons-1.10.0.jar;C:\Users\Admin\.m2\repository\org\apiguardian\apiguardian-api\1.1.2\apiguardian-api-1.1.2.jar;C:\Users\Admin\.m2\repository\org\junit\jupiter\junit-jupiter-engine\5.10.0\junit-jupiter-engine-5.10.0.jar;C:\Users\Admin\.m2\repository\org\junit\platform\junit-platform-engine\1.10.0\junit-platform-engine-1.10.0.jar;"/>
    <property name="sun.cpu.endian" value="little"/>
    <property name="user.home" value="C:\Users\Admin"/>
    <property name="user.language" value="en"/>
    <property name="java.specification.vendor" value="Oracle Corporation"/>
    <property name="java.version.date" value="2025-07-15"/>
    <property name="java.home" value="C:\Users\Admin\scoop\apps\openjdk24\current"/>
    <property name="file.separator" value="\"/>
    <property name="basedir" value="E:\Drive\My-Project\UpNext-App"/>
    <property name="java.vm.compressedOopsMode" value="Zero based"/>
    <property name="line.separator" value="&#10;"/>
    <property name="java.vm.specification.vendor" value="Oracle Corporation"/>
    <property name="java.specification.name" value="Java Platform API Specification"/>
    <property name="surefire.real.class.path" value="C:\Users\Admin\AppData\Local\Temp\surefire8972141979059731517\surefirebooter-20251104160017886_3.jar"/>
    <property name="user.script" value=""/>
    <property name="sun.management.compiler" value="HotSpot 64-Bit Tiered Compilers"/>
    <property name="java.runtime.version" value="24.0.2+12-54"/>
    <property name="user.name" value="Admin"/>
    <property name="stdout.encoding" value="Cp1252"/>
    <property name="path.separator" value=";"/>
    <property name="os.version" value="10.0"/>
    <property name="java.runtime.name" value="OpenJDK Runtime Environment"/>
    <property name="file.encoding" value="UTF-8"/>
    <property name="java.vm.name" value="OpenJDK 64-Bit Server VM"/>
    <property name="localRepository" value="C:\Users\Admin\.m2\repository"/>
    <property name="java.vendor.url.bug" value="https://bugreport.java.com/bugreport/"/>
    <property name="java.io.tmpdir" value="C:\Users\Admin\AppData\Local\Temp\"/>
    <property name="java.version" value="24.0.2"/>
    <property name="user.dir" value="E:\Drive\My-Project\UpNext-App"/>
    <property name="os.arch" value="amd64"/>
    <property name="java.vm.specification.name" value="Java Virtual Machine Specification"/>
    <property name="sun.os.patch.level" value=""/>
    <property name="native.encoding" value="Cp1252"/>
    <property name="java.library.path" value="C:\Users\Admin\scoop\apps\openjdk24\current\bin;C:\WINDOWS\Sun\Java\bin;C:\WINDOWS\system32;C:\WINDOWS;C:\Program Files\PowerShell\7;C:\Program Files\Common Files\Oracle\Java\javapath;C:\Program Files (x86)\Common Files\Oracle\Java\java8path;C:\Program Files (x86)\Common Files\Oracle\Java\javapath;C:\Windows\system32;C:\Windows;C:\Windows\System32\Wbem;C:\Windows\System32\WindowsPowerShell\v1.0\;C:\Windows\System32\OpenSSH\;C:\Program Files (x86)\NVIDIA Corporation\PhysX\Common;C:\Program Files\NVIDIA Corporation\NVIDIA app\NvDLISR;C:\MinGW\bin;C:\WINDOWS\system32;C:\WINDOWS;C:\WINDOWS\System32\Wbem;C:\WINDOWS\System32\WindowsPowerShell\v1.0\;C:\WINDOWS\System32\OpenSSH\;C:\Program Files (x86)\Windows Kits\10\Windows Performance Toolkit\;C:\Program Files\dotnet\;C:\Program Files\MySQL\MySQL Server 8.0\bin;C:\Program Files\Tailscale\;C:\ProgramData\chocolatey\bin;C:\Program Files (x86)\Yarn\bin\;C:\Program Files\Git\cmd;C:\Program Files\nodejs\;C:\Program Files\PowerShell\7\;C:\Users\Admin\AppData\Local\Programs\Python\Launcher\;C:\Users\Admin\AppData\Local\Programs\Python\Python312\Scripts\;C:\Users\Admin\AppData\Local\Programs\Python\Python312\;C:\Users\Admin\scoop\apps\openjdk24\current\bin;C:\Users\Admin\scoop\apps\maven\current\bin;C:\Users\Admin\scoop\shims;C:\Program Files\MySQL\MySQL Shell 8.0\bin\;C:\Users\Admin\AppData\Local\Microsoft\WindowsApps;C:\Users\Admin\AppData\Local\Programs\Microsoft VS Code\bin;C:\msys64\mingw64\bin;C:\Program Files\JetBrains\IntelliJ IDEA Community Edition 2025.2.3\bin;C:\Users\Admin\.dotnet\tools;C:\Users\Admin\AppData\Local\Yarn\bin;C:\Users\Admin\AppData\Roaming\npm;c:\Users\Admin\AppData\Roaming\Code\User\globalStorage\github.copilot-chat\debugCommand;."/>
    <property name="java.vm.info" value="mixed mode, sharing"/>
    <property name="stderr.encoding" value="Cp1252"/>
    <property name="java.vendor" value="Oracle Corporation"/>
    <property name="java.vm.version" value="24.0.2+12-54"/>
    <property name="sun.io.unicode.encoding" value="UnicodeLittle"/>
    <property name="java.class.version" value="68.0"/>
  </properties>
  <testcase name="testCaseInsensitiveDuplicateHandling" classname="com.upnext.app.ui.components.questions.TagInputFieldTest" time="0.302">
    <system-out><![CDATA[[2025-11-04 16:00:23] [INFO] [UI_TAG_ADD_SUCCESS] Tag added - Name: 'react', Total tags: 1
[2025-11-04 16:00:23] [WARNING] [UI_TAG_VALIDATION_FAILED] Duplicate tag - Name: 'react'
]]></system-out>
  </testcase>
  <testcase name="testTagInputFieldCreation" classname="com.upnext.app.ui.components.questions.TagInputFieldTest" time="0.077">
    <system-out><![CDATA[[2025-11-04 16:00:23] [WARNING] [UI_TAG_VALIDATION_FAILED] Duplicate tag - Name: 'react'
]]></system-out>
  </testcase>
  <testcase name="testFailedTagAdditionKeepsInput" classname="com.upnext.app.ui.components.questions.TagInputFieldTest" time="0.12">
    <system-out><![CDATA[[2025-11-04 16:00:23] [INFO] [UI_TAG_ADD_SUCCESS] Tag added - Name: 'tag0', Total tags: 1
[2025-11-04 16:00:23] [INFO] [UI_TAG_ADD_SUCCESS] Tag added - Name: 'tag1', Total tags: 2
[2025-11-04 16:00:23] [INFO] [UI_TAG_ADD_SUCCESS] Tag added - Name: 'tag2', Total tags: 3
[2025-11-04 16:00:23] [INFO] [UI_TAG_ADD_SUCCESS] Tag added - Name: 'tag3', Total tags: 4
[2025-11-04 16:00:23] [INFO] [UI_TAG_ADD_SUCCESS] Tag added - Name: 'tag4', Total tags: 5
[2025-11-04 16:00:23] [INFO] [UI_TAG_ADD_SUCCESS] Tag added - Name: 'tag5', Total tags: 6
[2025-11-04 16:00:23] [INFO] [UI_TAG_ADD_SUCCESS] Tag added - Name: 'tag6', Total tags: 7
[2025-11-04 16:00:23] [INFO] [UI_TAG_ADD_SUCCESS] Tag added - Name: 'tag7', Total tags: 8
[2025-11-04 16:00:23] [INFO] [UI_TAG_ADD_SUCCESS] Tag added - Name: 'tag8', Total tags: 9
[2025-11-04 16:00:23] [INFO] [UI_TAG_ADD_SUCCESS] Tag added - Name: 'tag9', Total tags: 10
[2025-11-04 16:00:23] [WARNING] [UI_TAG_VALIDATION_FAILED] Too many tags - Current: 10, Max: 10
]]></system-out>
  </testcase>
  <testcase name="testGetTextMethod" classname="com.upnext.app.ui.components.questions.TagInputFieldTest" time="0.09">
    <system-out><![CDATA[[2025-11-04 16:00:23] [WARNING] [UI_TAG_VALIDATION_FAILED] Too many tags - Current: 10, Max: 10
]]></system-out>
  </testcase>
  <testcase name="testWhitespaceOnlyInputIgnored" classname="com.upnext.app.ui.components.questions.TagInputFieldTest" time="0.078"/>
  <testcase name="testSuccessfulTagAdditionClearsInput" classname="com.upnext.app.ui.components.questions.TagInputFieldTest" time="0.083">
    <system-out><![CDATA[[2025-11-04 16:00:23] [INFO] [UI_TAG_ADD_SUCCESS] Tag added - Name: 'python', Total tags: 1
]]></system-out>
  </testcase>
  <testcase name="testPlaceholderTextIgnored" classname="com.upnext.app.ui.components.questions.TagInputFieldTest" time="0.082"/>
  <testcase name="testSetTextMethod" classname="com.upnext.app.ui.components.questions.TagInputFieldTest" time="0.094"/>
  <testcase name="testEnterKeyAddsTag" classname="com.upnext.app.ui.components.questions.TagInputFieldTest" time="0.096">
    <system-out><![CDATA[[2025-11-04 16:00:24] [INFO] [UI_TAG_ADD_SUCCESS] Tag added - Name: 'java', Total tags: 1
]]></system-out>
  </testcase>
  <testcase name="testDuplicateTagHandling" classname="com.upnext.app.ui.components.questions.TagInputFieldTest" time="0.081">
    <system-out><![CDATA[[2025-11-04 16:00:24] [INFO] [UI_TAG_ADD_SUCCESS] Tag added - Name: 'javascript', Total tags: 1
[2025-11-04 16:00:24] [WARNING] [UI_TAG_VALIDATION_FAILED] Duplicate tag - Name: 'javascript'
]]></system-out>
  </testcase>
  <testcase name="testEmptyInputIgnored" classname="com.upnext.app.ui.components.questions.TagInputFieldTest" time="0.076"/>
  <testcase name="testClearMethod" classname="com.upnext.app.ui.components.questions.TagInputFieldTest" time="0.079"/>
  <testcase name="testFocusRequestDelegation" classname="com.upnext.app.ui.components.questions.TagInputFieldTest" time="0.08"/>
</testsuite>