<?xml version="1.0" encoding="UTF-8"?>
<testsuite xmlns:xsi="http://www.w3.org/2001/XMLSchema-instance" xsi:noNamespaceSchemaLocation="https://maven.apache.org/surefire/maven-surefire-plugin/xsd/surefire-test-report.xsd" version="3.0.2" name="com.upnext.app.data.question.QuestionRepositoryExtendedTest" time="0.655" tests="7" errors="0" skipped="0" failures="0">
  <properties>
[...]
</properties>
  <testcase name="testQuestionTagRetrieval" classname="com.upnext.app.data.question.QuestionRepositoryExtendedTest" time="0.069">
    <system-out><![CDATA[[2025-11-04 16:00:21] [INFO] Setting up QuestionRepositoryExtendedTest
[2025-11-04 16:00:21] [INFO] Extended test data cleanup completed
[2025-11-04 16:00:21] [INFO] Extended test setup completed
[2025-11-04 16:00:21] [INFO] Testing question tag retrieval functionality
[2025-11-04 16:00:21] [INFO] Question saved successfully with ID: 1 and 5 tags
[2025-11-04 16:00:21] [INFO] Question tag retrieval test passed
[2025-11-04 16:00:21] [INFO] Extended test data cleanup completed
[2025-11-04 16:00:21] [INFO] Extended test cleanup completed
]]></system-out>
  </testcase>
  <testcase name="testAnswerVerificationWorkflow" classname="com.upnext.app.data.question.QuestionRepositoryExtendedTest" time="0.174">
    <system-out><![CDATA[[2025-11-04 16:00:21] [INFO] Setting up QuestionRepositoryExtendedTest
[2025-11-04 16:00:21] [INFO] Extended test data cleanup completed
[2025-11-04 16:00:21] [INFO] Extended test setup completed
[2025-11-04 16:00:21] [INFO] Testing answer verification workflow
[2025-11-04 16:00:21] [INFO] Question saved successfully with ID: 2 and 3 tags
[2025-11-04 16:00:21] [INFO] Answer saved successfully with ID: 1
[2025-11-04 16:00:21] [INFO] Answer 1 marked as unverified (upvotes: 1)
[2025-11-04 16:00:21] [INFO] Vote processed for answer 1 by user 49 (upvote: true). New counts: 1 upvotes, 0 downvotes
[2025-11-04 16:00:21] [INFO] Answer 1 marked as unverified (upvotes: 2)
[2025-11-04 16:00:21] [INFO] Vote processed for answer 1 by user 50 (upvote: true). New counts: 2 upvotes, 0 downvotes
[2025-11-04 16:00:21] [INFO] Answer 1 marked as unverified (upvotes: 3)
[2025-11-04 16:00:21] [INFO] Vote processed for answer 1 by user 51 (upvote: true). New counts: 3 upvotes, 0 downvotes
[2025-11-04 16:00:21] [INFO] Answer 1 marked as unverified (upvotes: 4)
[2025-11-04 16:00:21] [INFO] Vote processed for answer 1 by user 52 (upvote: true). New counts: 4 upvotes, 0 downvotes
[2025-11-04 16:00:21] [INFO] Answer 1 marked as unverified (upvotes: 5)
[2025-11-04 16:00:21] [INFO] Vote processed for answer 1 by user 53 (upvote: true). New counts: 5 upvotes, 0 downvotes
[2025-11-04 16:00:21] [INFO] Answer 1 marked as unverified (upvotes: 6)
[2025-11-04 16:00:21] [INFO] Vote processed for answer 1 by user 54 (upvote: true). New counts: 6 upvotes, 0 downvotes
[2025-11-04 16:00:21] [INFO] Answer 1 marked as unverified (upvotes: 7)
[2025-11-04 16:00:21] [INFO] Vote processed for answer 1 by user 55 (upvote: true). New counts: 7 upvotes, 0 downvotes
[2025-11-04 16:00:21] [INFO] Answer 1 marked as unverified (upvotes: 8)
[2025-11-04 16:00:21] [INFO] Vote processed for answer 1 by user 56 (upvote: true). New counts: 8 upvotes, 0 downvotes
[2025-11-04 16:00:21] [INFO] Answer 1 marked as unverified (upvotes: 9)
[2025-11-04 16:00:21] [INFO] Vote processed for answer 1 by user 57 (upvote: true). New counts: 9 upvotes, 0 downvotes
[2025-11-04 16:00:21] [INFO] Answer 1 marked as verified (upvotes: 10)
[2025-11-04 16:00:21] [INFO] Vote processed for answer 1 by user 58 (upvote: true). New counts: 10 upvotes, 0 downvotes
[2025-11-04 16:00:21] [INFO] Answer 1 marked as verified (upvotes: 11)
[2025-11-04 16:00:21] [INFO] Vote processed for answer 1 by user 59 (upvote: true). New counts: 11 upvotes, 0 downvotes
[2025-11-04 16:00:21] [INFO] Answer 1 marked as verified (upvotes: 12)
[2025-11-04 16:00:21] [INFO] Vote processed for answer 1 by user 60 (upvote: true). New counts: 12 upvotes, 0 downvotes
[2025-11-04 16:00:21] [INFO] Answer verification workflow test passed
[2025-11-04 16:00:21] [INFO] Extended test data cleanup completed
[2025-11-04 16:00:21] [INFO] Extended test cleanup completed
]]></system-out>
  </testcase>
  <testcase name="testQuestionWithMultipleAnswersAndVoting" classname="com.upnext.app.data.question.QuestionRepositoryExtendedTest" time="0.077">
    <system-out><![CDATA[[2025-11-04 16:00:21] [INFO] Setting up QuestionRepositoryExtendedTest
[2025-11-04 16:00:21] [INFO] Extended test data cleanup completed
[2025-11-04 16:00:21] [INFO] Extended test setup completed
[2025-11-04 16:00:21] [INFO] Testing question with multiple answers and voting
[2025-11-04 16:00:21] [INFO] Question saved successfully with ID: 3 and 3 tags
[2025-11-04 16:00:21] [INFO] Answer saved successfully with ID: 2
[2025-11-04 16:00:21] [INFO] Answer saved successfully with ID: 3
[2025-11-04 16:00:21] [INFO] Answer saved successfully with ID: 4
[2025-11-04 16:00:21] [INFO] Answer 2 marked as unverified (upvotes: 1)
[2025-11-04 16:00:21] [INFO] Vote processed for answer 2 by user 62 (upvote: true). New counts: 1 upvotes, 0 downvotes
[2025-11-04 16:00:21] [INFO] Answer 3 marked as unverified (upvotes: 1)
[2025-11-04 16:00:21] [INFO] Vote processed for answer 3 by user 61 (upvote: true). New counts: 1 upvotes, 0 downvotes
[2025-11-04 16:00:21] [INFO] Answer 3 marked as unverified (upvotes: 2)
[2025-11-04 16:00:21] [INFO] Vote processed for answer 3 by user 62 (upvote: true). New counts: 2 upvotes, 0 downvotes
[2025-11-04 16:00:21] [INFO] Answer 4 marked as unverified (upvotes: 0)
[2025-11-04 16:00:21] [INFO] Vote processed for answer 4 by user 62 (upvote: false). New counts: 0 upvotes, 1 downvotes
[2025-11-04 16:00:21] [INFO] Found 3 answers for question 3
[2025-11-04 16:00:21] [INFO] Question with multiple answers and voting test passed
[2025-11-04 16:00:21] [INFO] Extended test data cleanup completed
[2025-11-04 16:00:21] [INFO] Extended test cleanup completed
]]></system-out>
  </testcase>
  <testcase name="testQuestionSearchWithComplexCriteria" classname="com.upnext.app.data.question.QuestionRepositoryExtendedTest" time="0.075">
    <system-out><![CDATA[[2025-11-04 16:00:21] [INFO] Setting up QuestionRepositoryExtendedTest
[2025-11-04 16:00:21] [INFO] Extended test data cleanup completed
[2025-11-04 16:00:21] [INFO] Extended test setup completed
[2025-11-04 16:00:21] [INFO] Testing complex question search functionality
[2025-11-04 16:00:21] [INFO] Question saved successfully with ID: 4 and 5 tags
[2025-11-04 16:00:21] [INFO] Question saved successfully with ID: 5 and 4 tags
[2025-11-04 16:00:21] [INFO] Question saved successfully with ID: 6 and 5 tags
[2025-11-04 16:00:21] [DEBUG] [QUESTION_SEARCH_SQL] SELECT DISTINCT q.*, s.name AS subject_name FROM questions q LEFT JOIN subjects s ON q.subject_id = s.id WHERE (q.title LIKE ? OR q.content LIKE ? OR EXISTS (SELECT 1 FROM question_tags qt2 INNER JOIN tags t2 ON qt2.tag_id = t2.id WHERE qt2.question_id = q.id AND t2.name LIKE ?) OR EXISTS (SELECT 1 FROM users u WHERE u.id = q.user_id AND u.name LIKE ?)) ORDER BY created_at DESC LIMIT ? OFFSET ?
[2025-11-04 16:00:21] [DEBUG] [QUESTION_SEARCH_PARAMS] [%REST API%, %REST API%, %REST API%, %REST API%, 20, 0]
[2025-11-04 16:00:21] [DEBUG] [QUESTION_SEARCH_SQL] SELECT DISTINCT q.*, s.name AS subject_name FROM questions q LEFT JOIN subjects s ON q.subject_id = s.id INNER JOIN question_tags qt ON q.id = qt.question_id INNER JOIN tags t ON qt.tag_id = t.id WHERE t.name IN (?) GROUP BY q.id HAVING COUNT(DISTINCT t.id) = ? ORDER BY created_at DESC LIMIT ? OFFSET ?
[2025-11-04 16:00:21] [DEBUG] [QUESTION_SEARCH_PARAMS] [java, 1, 20, 0]
[2025-11-04 16:00:21] [DEBUG] [QUESTION_SEARCH_SQL] SELECT DISTINCT q.*, s.name AS subject_name FROM questions q LEFT JOIN subjects s ON q.subject_id = s.id WHERE q.user_id = ? ORDER BY created_at DESC LIMIT ? OFFSET ?
[2025-11-04 16:00:21] [DEBUG] [QUESTION_SEARCH_PARAMS] [63, 20, 0]
[2025-11-04 16:00:21] [DEBUG] [QUESTION_SEARCH_SQL] SELECT DISTINCT q.*, s.name AS subject_name FROM questions q LEFT JOIN subjects s ON q.subject_id = s.id INNER JOIN question_tags qt ON q.id = qt.question_id INNER JOIN tags t ON qt.tag_id = t.id WHERE (q.title LIKE ? OR q.content LIKE ? OR EXISTS (SELECT 1 FROM question_tags qt2 INNER JOIN tags t2 ON qt2.tag_id = t2.id WHERE qt2.question_id = q.id AND t2.name LIKE ?) OR EXISTS (SELECT 1 FROM users u WHERE u.id = q.user_id AND u.name LIKE ?)) AND q.user_id = ? AND t.name IN (?) GROUP BY q.id HAVING COUNT(DISTINCT t.id) = ? ORDER BY created_at DESC LIMIT ? OFFSET ?
[2025-11-04 16:00:21] [DEBUG] [QUESTION_SEARCH_PARAMS] [%Java%, %Java%, %Java%, %Java%, 63, advanced, 1, 20, 0]
[2025-11-04 16:00:21] [INFO] Complex question search test passed
[2025-11-04 16:00:21] [INFO] Extended test data cleanup completed
[2025-11-04 16:00:21] [INFO] Extended test cleanup completed
]]></system-out>
  </testcase>
  <testcase name="testQuestionUpdateWithTagChanges" classname="com.upnext.app.data.question.QuestionRepositoryExtendedTest" time="0.054">
    <system-out><![CDATA[[2025-11-04 16:00:21] [INFO] Setting up QuestionRepositoryExtendedTest
[2025-11-04 16:00:21] [INFO] Extended test data cleanup completed
[2025-11-04 16:00:21] [INFO] Extended test setup completed
[2025-11-04 16:00:21] [INFO] Testing question update with tag changes
[2025-11-04 16:00:21] [INFO] Question saved successfully with ID: 7 and 3 tags
[2025-11-04 16:00:21] [INFO] Question update with tag changes test passed
[2025-11-04 16:00:21] [INFO] Extended test data cleanup completed
[2025-11-04 16:00:21] [INFO] Extended test cleanup completed
]]></system-out>
  </testcase>
  <testcase name="testQuestionAnswerStatistics" classname="com.upnext.app.data.question.QuestionRepositoryExtendedTest" time="0.084">
    <system-out><![CDATA[[2025-11-04 16:00:21] [INFO] Setting up QuestionRepositoryExtendedTest
[2025-11-04 16:00:21] [INFO] Extended test data cleanup completed
[2025-11-04 16:00:21] [INFO] Extended test setup completed
[2025-11-04 16:00:21] [INFO] Testing question answer statistics
[2025-11-04 16:00:21] [INFO] Question saved successfully with ID: 8 and 2 tags
[2025-11-04 16:00:21] [INFO] Answer saved successfully with ID: 5
[2025-11-04 16:00:21] [INFO] Answer saved successfully with ID: 6
[2025-11-04 16:00:21] [INFO] Answer saved successfully with ID: 7
[2025-11-04 16:00:21] [INFO] Answer 5 marked as unverified (upvotes: 1)
[2025-11-04 16:00:21] [INFO] Vote processed for answer 5 by user 68 (upvote: true). New counts: 1 upvotes, 0 downvotes
[2025-11-04 16:00:21] [INFO] Answer 5 marked as unverified (upvotes: 2)
[2025-11-04 16:00:21] [INFO] Vote processed for answer 5 by user 67 (upvote: true). New counts: 2 upvotes, 0 downvotes
[2025-11-04 16:00:21] [INFO] Answer 6 marked as unverified (upvotes: 1)
[2025-11-04 16:00:21] [INFO] Vote processed for answer 6 by user 67 (upvote: true). New counts: 1 upvotes, 0 downvotes
[2025-11-04 16:00:21] [INFO] Answer 7 marked as unverified (upvotes: 0)
[2025-11-04 16:00:21] [INFO] Vote processed for answer 7 by user 68 (upvote: false). New counts: 0 upvotes, 1 downvotes
[2025-11-04 16:00:21] [INFO] Found 3 answers for question 8
[2025-11-04 16:00:21] [INFO] Question answer statistics test passed
[2025-11-04 16:00:21] [INFO] Extended test data cleanup completed
[2025-11-04 16:00:21] [INFO] Extended test cleanup completed
]]></system-out>
  </testcase>
  <testcase name="testPaginationAndLimits" classname="com.upnext.app.data.question.QuestionRepositoryExtendedTest" time="0.119">
    <system-out><![CDATA[[2025-11-04 16:00:21] [INFO] Setting up QuestionRepositoryExtendedTest
[2025-11-04 16:00:21] [INFO] Extended test data cleanup completed
[2025-11-04 16:00:21] [INFO] Extended test setup completed
[2025-11-04 16:00:21] [INFO] Testing pagination and limits
[2025-11-04 16:00:21] [INFO] Question saved successfully with ID: 9 and 1 tags
[2025-11-04 16:00:21] [INFO] Question saved successfully with ID: 10 and 1 tags
[2025-11-04 16:00:21] [INFO] Question saved successfully with ID: 11 and 1 tags
[2025-11-04 16:00:21] [INFO] Question saved successfully with ID: 12 and 1 tags
[2025-11-04 16:00:21] [INFO] Question saved successfully with ID: 13 and 1 tags
[2025-11-04 16:00:21] [INFO] Question saved successfully with ID: 14 and 1 tags
[2025-11-04 16:00:21] [INFO] Question saved successfully with ID: 15 and 1 tags
[2025-11-04 16:00:21] [INFO] Question saved successfully with ID: 16 and 1 tags
[2025-11-04 16:00:21] [INFO] Question saved successfully with ID: 17 and 1 tags
[2025-11-04 16:00:21] [INFO] Question saved successfully with ID: 18 and 1 tags
[2025-11-04 16:00:21] [INFO] Question saved successfully with ID: 19 and 1 tags
[2025-11-04 16:00:22] [INFO] Question saved successfully with ID: 20 and 1 tags
[2025-11-04 16:00:22] [INFO] Question saved successfully with ID: 21 and 1 tags
[2025-11-04 16:00:22] [INFO] Question saved successfully with ID: 22 and 1 tags
[2025-11-04 16:00:22] [INFO] Question saved successfully with ID: 23 and 1 tags
[2025-11-04 16:00:22] [INFO] Pagination and limits test passed
[2025-11-04 16:00:22] [INFO] Extended test data cleanup completed
[2025-11-04 16:00:22] [INFO] Extended test cleanup completed
]]></system-out>
  </testcase>
</testsuite>