<?xml version="1.0" encoding="UTF-8"?>
<testsuite xmlns:xsi="http://www.w3.org/2001/XMLSchema-instance" xsi:noNamespaceSchemaLocation="https://maven.apache.org/surefire/maven-surefire-plugin/xsd/surefire-test-report.xsd" version="3.0.2" name="com.upnext.app.data.question.AnswerRepositoryTest" time="1.257" tests="9" errors="0" skipped="0" failures="0">
  <properties>
[...]
</properties>
  <testcase name="testFindAnswersByQuestionId" classname="com.upnext.app.data.question.AnswerRepositoryTest" time="0.718">
    <system-out><![CDATA[[2025-11-04 16:00:18] [INFO] Logger initialized
[2025-11-04 16:00:18] [INFO] Setting up AnswerRepository test
[2025-11-04 16:00:19] [INFO] Answer votes table initialized
[2025-11-04 16:00:19] [INFO] Test data cleanup completed
[2025-11-04 16:00:19] [INFO] Answer saved successfully with ID: 1
[2025-11-04 16:00:19] [INFO] Test setup completed
[2025-11-04 16:00:19] [INFO] Testing find answers by question ID
[2025-11-04 16:00:19] [INFO] Found 1 answers for question 4
[2025-11-04 16:00:19] [INFO] Find answers by question ID test passed
]]></system-out>
  </testcase>
  <testcase name="testInvalidVoteOperations" classname="com.upnext.app.data.question.AnswerRepositoryTest" time="0.059">
    <system-out><![CDATA[[2025-11-04 16:00:19] [INFO] Setting up AnswerRepository test
[2025-11-04 16:00:19] [INFO] Test data cleanup completed
[2025-11-04 16:00:19] [INFO] Answer saved successfully with ID: 2
[2025-11-04 16:00:19] [INFO] Test setup completed
[2025-11-04 16:00:19] [INFO] Testing invalid vote operations
[2025-11-04 16:00:19] [INFO] Invalid vote operations test passed
]]></system-out>
  </testcase>
  <testcase name="testVoteAnswerRemoveVote" classname="com.upnext.app.data.question.AnswerRepositoryTest" time="0.061">
    <system-out><![CDATA[[2025-11-04 16:00:19] [INFO] Setting up AnswerRepository test
[2025-11-04 16:00:19] [INFO] Test data cleanup completed
[2025-11-04 16:00:19] [INFO] Answer saved successfully with ID: 3
[2025-11-04 16:00:19] [INFO] Test setup completed
[2025-11-04 16:00:19] [INFO] Testing vote removal functionality
[2025-11-04 16:00:19] [INFO] Answer 3 marked as unverified (upvotes: 1)
[2025-11-04 16:00:19] [INFO] Vote processed for answer 3 by user 11 (upvote: true). New counts: 1 upvotes, 0 downvotes
[2025-11-04 16:00:19] [INFO] Answer 3 marked as unverified (upvotes: 0)
[2025-11-04 16:00:19] [INFO] Vote processed for answer 3 by user 11 (upvote: true). New counts: 0 upvotes, 0 downvotes
[2025-11-04 16:00:19] [INFO] Vote removal test passed
]]></system-out>
  </testcase>
  <testcase name="testVoteAnswerUpvote" classname="com.upnext.app.data.question.AnswerRepositoryTest" time="0.045">
    <system-out><![CDATA[[2025-11-04 16:00:19] [INFO] Setting up AnswerRepository test
[2025-11-04 16:00:19] [INFO] Test data cleanup completed
[2025-11-04 16:00:19] [INFO] Answer saved successfully with ID: 4
[2025-11-04 16:00:19] [INFO] Test setup completed
[2025-11-04 16:00:19] [INFO] Testing answer upvote functionality
[2025-11-04 16:00:19] [INFO] Answer 4 marked as unverified (upvotes: 1)
[2025-11-04 16:00:19] [INFO] Vote processed for answer 4 by user 13 (upvote: true). New counts: 1 upvotes, 0 downvotes
[2025-11-04 16:00:19] [INFO] Answer upvote test passed
]]></system-out>
  </testcase>
  <testcase name="testMultipleUsersVoting" classname="com.upnext.app.data.question.AnswerRepositoryTest" time="0.06">
    <system-out><![CDATA[[2025-11-04 16:00:19] [INFO] Setting up AnswerRepository test
[2025-11-04 16:00:19] [INFO] Test data cleanup completed
[2025-11-04 16:00:19] [INFO] Answer saved successfully with ID: 5
[2025-11-04 16:00:19] [INFO] Test setup completed
[2025-11-04 16:00:19] [INFO] Testing multiple users voting
[2025-11-04 16:00:19] [INFO] Answer 5 marked as unverified (upvotes: 1)
[2025-11-04 16:00:19] [INFO] Vote processed for answer 5 by user 15 (upvote: true). New counts: 1 upvotes, 0 downvotes
[2025-11-04 16:00:19] [INFO] Answer 5 marked as unverified (upvotes: 2)
[2025-11-04 16:00:19] [INFO] Vote processed for answer 5 by user 16 (upvote: true). New counts: 2 upvotes, 0 downvotes
[2025-11-04 16:00:19] [INFO] Answer 5 marked as unverified (upvotes: 1)
[2025-11-04 16:00:19] [INFO] Vote processed for answer 5 by user 16 (upvote: false). New counts: 1 upvotes, 1 downvotes
[2025-11-04 16:00:19] [INFO] Multiple users voting test passed
]]></system-out>
  </testcase>
  <testcase name="testSaveAnswer" classname="com.upnext.app.data.question.AnswerRepositoryTest" time="0.036">
    <system-out><![CDATA[[2025-11-04 16:00:19] [INFO] Setting up AnswerRepository test
[2025-11-04 16:00:19] [INFO] Test data cleanup completed
[2025-11-04 16:00:19] [INFO] Answer saved successfully with ID: 6
[2025-11-04 16:00:19] [INFO] Test setup completed
[2025-11-04 16:00:19] [INFO] Testing answer save functionality
[2025-11-04 16:00:19] [INFO] Answer saved successfully with ID: 7
[2025-11-04 16:00:19] [INFO] Answer save test passed
]]></system-out>
  </testcase>
  <testcase name="testVoteAnswerChangeVote" classname="com.upnext.app.data.question.AnswerRepositoryTest" time="0.044">
    <system-out><![CDATA[[2025-11-04 16:00:19] [INFO] Setting up AnswerRepository test
[2025-11-04 16:00:19] [INFO] Test data cleanup completed
[2025-11-04 16:00:19] [INFO] Answer saved successfully with ID: 8
[2025-11-04 16:00:19] [INFO] Test setup completed
[2025-11-04 16:00:19] [INFO] Testing vote change functionality
[2025-11-04 16:00:19] [INFO] Answer 8 marked as unverified (upvotes: 1)
[2025-11-04 16:00:19] [INFO] Vote processed for answer 8 by user 19 (upvote: true). New counts: 1 upvotes, 0 downvotes
[2025-11-04 16:00:19] [INFO] Answer 8 marked as unverified (upvotes: 0)
[2025-11-04 16:00:19] [INFO] Vote processed for answer 8 by user 19 (upvote: false). New counts: 0 upvotes, 1 downvotes
[2025-11-04 16:00:19] [INFO] Vote change test passed
]]></system-out>
  </testcase>
  <testcase name="testVoteAnswerDownvote" classname="com.upnext.app.data.question.AnswerRepositoryTest" time="0.039">
    <system-out><![CDATA[[2025-11-04 16:00:19] [INFO] Setting up AnswerRepository test
[2025-11-04 16:00:19] [INFO] Test data cleanup completed
[2025-11-04 16:00:19] [INFO] Answer saved successfully with ID: 9
[2025-11-04 16:00:19] [INFO] Test setup completed
[2025-11-04 16:00:19] [INFO] Testing answer downvote functionality
[2025-11-04 16:00:19] [INFO] Answer 9 marked as unverified (upvotes: 0)
[2025-11-04 16:00:19] [INFO] Vote processed for answer 9 by user 21 (upvote: false). New counts: 0 upvotes, 1 downvotes
[2025-11-04 16:00:19] [INFO] Answer downvote test passed
]]></system-out>
  </testcase>
  <testcase name="testVerifiedAnswerLogic" classname="com.upnext.app.data.question.AnswerRepositoryTest" time="0.159">
    <system-out><![CDATA[[2025-11-04 16:00:19] [INFO] Setting up AnswerRepository test
[2025-11-04 16:00:19] [INFO] Test data cleanup completed
[2025-11-04 16:00:19] [INFO] Answer saved successfully with ID: 10
[2025-11-04 16:00:19] [INFO] Test setup completed
[2025-11-04 16:00:19] [INFO] Testing verified answer logic
[2025-11-04 16:00:19] [INFO] Answer 10 marked as unverified (upvotes: 1)
[2025-11-04 16:00:19] [INFO] Vote processed for answer 10 by user 25 (upvote: true). New counts: 1 upvotes, 0 downvotes
[2025-11-04 16:00:19] [INFO] Answer 10 marked as unverified (upvotes: 2)
[2025-11-04 16:00:19] [INFO] Vote processed for answer 10 by user 26 (upvote: true). New counts: 2 upvotes, 0 downvotes
[2025-11-04 16:00:19] [INFO] Answer 10 marked as unverified (upvotes: 3)
[2025-11-04 16:00:19] [INFO] Vote processed for answer 10 by user 27 (upvote: true). New counts: 3 upvotes, 0 downvotes
[2025-11-04 16:00:19] [INFO] Answer 10 marked as unverified (upvotes: 4)
[2025-11-04 16:00:19] [INFO] Vote processed for answer 10 by user 28 (upvote: true). New counts: 4 upvotes, 0 downvotes
[2025-11-04 16:00:19] [INFO] Answer 10 marked as unverified (upvotes: 5)
[2025-11-04 16:00:19] [INFO] Vote processed for answer 10 by user 29 (upvote: true). New counts: 5 upvotes, 0 downvotes
[2025-11-04 16:00:19] [INFO] Answer 10 marked as unverified (upvotes: 6)
[2025-11-04 16:00:19] [INFO] Vote processed for answer 10 by user 30 (upvote: true). New counts: 6 upvotes, 0 downvotes
[2025-11-04 16:00:19] [INFO] Answer 10 marked as unverified (upvotes: 7)
[2025-11-04 16:00:19] [INFO] Vote processed for answer 10 by user 31 (upvote: true). New counts: 7 upvotes, 0 downvotes
[2025-11-04 16:00:19] [INFO] Answer 10 marked as unverified (upvotes: 8)
[2025-11-04 16:00:19] [INFO] Vote processed for answer 10 by user 32 (upvote: true). New counts: 8 upvotes, 0 downvotes
[2025-11-04 16:00:19] [INFO] Answer 10 marked as unverified (upvotes: 9)
[2025-11-04 16:00:19] [INFO] Vote processed for answer 10 by user 33 (upvote: true). New counts: 9 upvotes, 0 downvotes
[2025-11-04 16:00:19] [INFO] Answer 10 marked as verified (upvotes: 10)
[2025-11-04 16:00:19] [INFO] Vote processed for answer 10 by user 34 (upvote: true). New counts: 10 upvotes, 0 downvotes
[2025-11-04 16:00:19] [INFO] Answer 10 marked as verified (upvotes: 11)
[2025-11-04 16:00:19] [INFO] Vote processed for answer 10 by user 23 (upvote: true). New counts: 11 upvotes, 0 downvotes
[2025-11-04 16:00:19] [INFO] Verified answer logic test passed
]]></system-out>
  </testcase>
</testsuite>