<?xml version="1.0" encoding="UTF-8"?>
<testsuite xmlns:xsi="http://www.w3.org/2001/XMLSchema-instance" xsi:noNamespaceSchemaLocation="https://maven.apache.org/surefire/maven-surefire-plugin/xsd/surefire-test-report.xsd" version="3.0.2" name="com.upnext.app.ui.navigation.AddQuestionFlowTest" time="3.387" tests="11" errors="0" skipped="0" failures="0">
  <properties>
[...]
</properties>
  <testcase name="testUITelemetry_QuestionCreation" classname="com.upnext.app.ui.navigation.AddQuestionFlowTest" time="2.621">
    <system-out><![CDATA[[2025-11-05 11:09:42] [INFO] Logger initialized
[2025-11-05 11:09:43] [DEBUG] [QUESTION_SEARCH_SQL] SELECT DISTINCT q.*, s.name AS subject_name FROM questions q LEFT JOIN subjects s ON q.subject_id = s.id ORDER BY created_at DESC LIMIT ? OFFSET ?
[2025-11-05 11:09:43] [DEBUG] [QUESTION_SEARCH_PARAMS] [20, 0]
]]></system-out>
  </testcase>
  <testcase name="testUITelemetry_QuestionCreationFailure" classname="com.upnext.app.ui.navigation.AddQuestionFlowTest" time="0.139">
    <system-out><![CDATA[[2025-11-05 11:09:44] [DEBUG] [QUESTION_SEARCH_SQL] SELECT DISTINCT q.*, s.name AS subject_name FROM questions q LEFT JOIN subjects s ON q.subject_id = s.id ORDER BY created_at DESC LIMIT ? OFFSET ?
[2025-11-05 11:09:44] [DEBUG] [QUESTION_SEARCH_PARAMS] [20, 0]
]]></system-out>
  </testcase>
  <testcase name="testUITelemetry_TagRemoval" classname="com.upnext.app.ui.navigation.AddQuestionFlowTest" time="0.074">
    <system-out><![CDATA[[2025-11-05 11:09:44] [DEBUG] [QUESTION_SEARCH_SQL] SELECT DISTINCT q.*, s.name AS subject_name FROM questions q LEFT JOIN subjects s ON q.subject_id = s.id ORDER BY created_at DESC LIMIT ? OFFSET ?
[2025-11-05 11:09:44] [DEBUG] [QUESTION_SEARCH_PARAMS] [20, 0]
]]></system-out>
  </testcase>
  <testcase name="testNavigationStackIntegrity" classname="com.upnext.app.ui.navigation.AddQuestionFlowTest" time="0.066">
    <system-out><![CDATA[[2025-11-05 11:09:44] [DEBUG] [QUESTION_SEARCH_SQL] SELECT DISTINCT q.*, s.name AS subject_name FROM questions q LEFT JOIN subjects s ON q.subject_id = s.id ORDER BY created_at DESC LIMIT ? OFFSET ?
[2025-11-05 11:09:44] [DEBUG] [QUESTION_SEARCH_PARAMS] [20, 0]
]]></system-out>
  </testcase>
  <testcase name="testQuestionCreationCallback" classname="com.upnext.app.ui.navigation.AddQuestionFlowTest" time="0.062">
    <system-out><![CDATA[[2025-11-05 11:09:44] [DEBUG] [QUESTION_SEARCH_SQL] SELECT DISTINCT q.*, s.name AS subject_name FROM questions q LEFT JOIN subjects s ON q.subject_id = s.id ORDER BY created_at DESC LIMIT ? OFFSET ?
[2025-11-05 11:09:44] [DEBUG] [QUESTION_SEARCH_PARAMS] [20, 0]
]]></system-out>
  </testcase>
  <testcase name="testUITelemetry_FormValidation" classname="com.upnext.app.ui.navigation.AddQuestionFlowTest" time="0.056">
    <system-out><![CDATA[[2025-11-05 11:09:44] [DEBUG] [QUESTION_SEARCH_SQL] SELECT DISTINCT q.*, s.name AS subject_name FROM questions q LEFT JOIN subjects s ON q.subject_id = s.id ORDER BY created_at DESC LIMIT ? OFFSET ?
[2025-11-05 11:09:44] [DEBUG] [QUESTION_SEARCH_PARAMS] [20, 0]
]]></system-out>
  </testcase>
  <testcase name="testNavigateBackFromAddQuestionScreen" classname="com.upnext.app.ui.navigation.AddQuestionFlowTest" time="0.064">
    <system-out><![CDATA[[2025-11-05 11:09:44] [DEBUG] [QUESTION_SEARCH_SQL] SELECT DISTINCT q.*, s.name AS subject_name FROM questions q LEFT JOIN subjects s ON q.subject_id = s.id ORDER BY created_at DESC LIMIT ? OFFSET ?
[2025-11-05 11:09:44] [DEBUG] [QUESTION_SEARCH_PARAMS] [20, 0]
]]></system-out>
  </testcase>
  <testcase name="testUITelemetry_TagValidationFailure" classname="com.upnext.app.ui.navigation.AddQuestionFlowTest" time="0.063">
    <system-out><![CDATA[[2025-11-05 11:09:44] [DEBUG] [QUESTION_SEARCH_SQL] SELECT DISTINCT q.*, s.name AS subject_name FROM questions q LEFT JOIN subjects s ON q.subject_id = s.id ORDER BY created_at DESC LIMIT ? OFFSET ?
[2025-11-05 11:09:44] [DEBUG] [QUESTION_SEARCH_PARAMS] [20, 0]
]]></system-out>
  </testcase>
  <testcase name="testUITelemetry_TagAddition" classname="com.upnext.app.ui.navigation.AddQuestionFlowTest" time="0.055">
    <system-out><![CDATA[[2025-11-05 11:09:44] [DEBUG] [QUESTION_SEARCH_SQL] SELECT DISTINCT q.*, s.name AS subject_name FROM questions q LEFT JOIN subjects s ON q.subject_id = s.id ORDER BY created_at DESC LIMIT ? OFFSET ?
[2025-11-05 11:09:44] [DEBUG] [QUESTION_SEARCH_PARAMS] [20, 0]
]]></system-out>
  </testcase>
  <testcase name="testQuestionFeedRefresh" classname="com.upnext.app.ui.navigation.AddQuestionFlowTest" time="0.054">
    <system-out><![CDATA[[2025-11-05 11:09:45] [DEBUG] [QUESTION_SEARCH_SQL] SELECT DISTINCT q.*, s.name AS subject_name FROM questions q LEFT JOIN subjects s ON q.subject_id = s.id ORDER BY created_at DESC LIMIT ? OFFSET ?
[2025-11-05 11:09:45] [DEBUG] [QUESTION_SEARCH_PARAMS] [20, 0]
[2025-11-05 11:09:45] [INFO] Adding new question to feed: Test Title
]]></system-out>
  </testcase>
  <testcase name="testNavigateToAddQuestionScreen" classname="com.upnext.app.ui.navigation.AddQuestionFlowTest" time="0.055">
    <system-out><![CDATA[[2025-11-05 11:09:45] [DEBUG] [QUESTION_SEARCH_SQL] SELECT DISTINCT q.*, s.name AS subject_name FROM questions q LEFT JOIN subjects s ON q.subject_id = s.id ORDER BY created_at DESC LIMIT ? OFFSET ?
[2025-11-05 11:09:45] [DEBUG] [QUESTION_SEARCH_PARAMS] [20, 0]
[2025-11-05 11:09:45] [INFO] Navigating to Add Question screen
]]></system-out>
  </testcase>
</testsuite>